2019-09-12 23:37:08,739 [1] INFO DB_Generator.GenerateDataAndPutInDB - Creating admin user
2019-09-12 23:37:08,768 [1] INFO DB_Generator.GenerateDataAndPutInDB - Adds the countries first
2019-09-12 23:37:08,850 [1] INFO DB_Generator.GenerateDataAndPutInDB - Adds the Airline Companies
2019-09-12 23:37:08,897 [1] INFO DB_Generator.GenerateDataAndPutInDB - Adds the Customers
2019-09-12 23:37:08,916 [1] INFO DB_Generator.GenerateDataAndPutInDB - Adds the Flights Per Company
2019-09-12 23:37:08,937 [1] INFO DB_Generator.GenerateDataAndPutInDB - Adds the Tickets per Customer
2019-09-12 23:37:11,534 [1] INFO DB_Generator.GenerateDataAndPutInDB - Finished!
2019-09-13 10:38:45,610 [1] INFO DB_Generator.GenerateDataAndPutInDB - Creating admin user
2019-09-13 10:38:45,708 [1] INFO DB_Generator.GenerateDataAndPutInDB - Adds the countries first
2019-09-13 10:38:46,105 [1] INFO DB_Generator.GenerateDataAndPutInDB - Adds the Airline Companies
2019-09-13 10:38:46,141 [1] INFO DB_Generator.GenerateDataAndPutInDB - Adds the Customers
2019-09-13 10:38:46,153 [1] INFO DB_Generator.GenerateDataAndPutInDB - Adds the Flights Per Company
2019-09-13 10:38:46,169 [1] INFO DB_Generator.GenerateDataAndPutInDB - Adds the Tickets per Customer
2019-09-13 10:38:49,761 [1] INFO DB_Generator.GenerateDataAndPutInDB - Finished!
2019-09-13 10:44:03,026 [1] INFO DB_Generator.GenerateDataAndPutInDB - Creating admin user
2019-09-13 10:44:03,049 [1] INFO DB_Generator.GenerateDataAndPutInDB - Adds the countries first
2019-09-13 10:44:03,193 [1] INFO DB_Generator.GenerateDataAndPutInDB - Adds the Airline Companies
2019-09-13 10:44:03,222 [1] INFO DB_Generator.GenerateDataAndPutInDB - Adds the Customers
2019-09-13 10:44:03,237 [1] INFO DB_Generator.GenerateDataAndPutInDB - Adds the Flights Per Company
2019-09-13 10:44:03,250 [1] INFO DB_Generator.GenerateDataAndPutInDB - Adds the Tickets per Customer
2019-09-13 10:44:08,808 [1] INFO DB_Generator.GenerateDataAndPutInDB - Finished!
2019-09-13 10:46:27,758 [1] INFO DB_Generator.GenerateDataAndPutInDB - Creating admin user
2019-09-13 10:46:27,785 [1] INFO DB_Generator.GenerateDataAndPutInDB - Adds the countries first
2019-09-13 10:48:06,931 [1] INFO DB_Generator.GenerateDataAndPutInDB - Creating admin user
2019-09-13 10:48:06,958 [1] INFO DB_Generator.GenerateDataAndPutInDB - Adds the countries first
2019-09-13 10:48:07,048 [1] INFO DB_Generator.GenerateDataAndPutInDB - Adds the Airline Companies
2019-09-13 10:48:07,085 [1] INFO DB_Generator.GenerateDataAndPutInDB - Adds the Customers
2019-09-13 10:48:07,113 [1] INFO DB_Generator.GenerateDataAndPutInDB - Adds the Flights Per Company
2019-09-13 10:48:07,126 [1] INFO DB_Generator.GenerateDataAndPutInDB - Adds the Tickets per Customer
2019-09-13 10:48:07,141 [1] INFO DB_Generator.GenerateDataAndPutInDB - Finished!
2019-09-13 10:59:59,304 [1] INFO DB_Generator.GenerateDataAndPutInDB - Creating admin user
2019-09-13 10:59:59,340 [1] INFO DB_Generator.GenerateDataAndPutInDB - Adds the countries first
2019-09-13 10:59:59,467 [1] INFO DB_Generator.GenerateDataAndPutInDB - Adds the Airline Companies
2019-09-13 10:59:59,522 [1] INFO DB_Generator.GenerateDataAndPutInDB - Adds the Customers
2019-09-13 10:59:59,564 [1] INFO DB_Generator.GenerateDataAndPutInDB - Adds the Flights Per Company
2019-09-13 10:59:59,581 [1] INFO DB_Generator.GenerateDataAndPutInDB - Adds the Tickets per Customer
2019-09-13 10:59:59,599 [1] INFO DB_Generator.GenerateDataAndPutInDB - Finished!
2019-09-13 11:40:47,609 [1] INFO DB_Generator.GenerateDataAndPutInDB - Creating admin user
2019-09-13 11:40:47,631 [1] INFO DB_Generator.GenerateDataAndPutInDB - Adds the countries first
2019-09-13 11:40:47,752 [1] INFO DB_Generator.GenerateDataAndPutInDB - Adds the Airline Companies
2019-09-13 11:40:47,778 [1] INFO DB_Generator.GenerateDataAndPutInDB - Adds the Customers
2019-09-13 11:40:47,791 [1] INFO DB_Generator.GenerateDataAndPutInDB - Adds the Flights Per Company
2019-09-13 11:40:47,802 [1] INFO DB_Generator.GenerateDataAndPutInDB - Adds the Tickets per Customer
2019-09-13 11:40:47,815 [1] INFO DB_Generator.GenerateDataAndPutInDB - Finished!
2019-09-13 11:42:40,040 [1] INFO DB_Generator.GenerateDataAndPutInDB - Creating admin user
2019-09-13 11:42:40,065 [1] INFO DB_Generator.GenerateDataAndPutInDB - Adds the countries first
2019-09-13 11:42:40,155 [1] INFO DB_Generator.GenerateDataAndPutInDB - Adds the Airline Companies
2019-09-13 11:42:40,185 [1] INFO DB_Generator.GenerateDataAndPutInDB - Adds the Customers
2019-09-13 11:42:40,214 [1] INFO DB_Generator.GenerateDataAndPutInDB - Adds the Flights Per Company
2019-09-13 11:42:40,225 [1] INFO DB_Generator.GenerateDataAndPutInDB - Adds the Tickets per Customer
2019-09-13 11:42:40,244 [1] INFO DB_Generator.GenerateDataAndPutInDB - Finished!
2019-09-13 12:06:14,043 [1] INFO DB_Generator.GenerateDataAndPutInDB - Creating admin user
2019-09-13 12:06:14,065 [1] INFO DB_Generator.GenerateDataAndPutInDB - Adds the countries first
2019-09-13 12:06:14,209 [1] INFO DB_Generator.GenerateDataAndPutInDB - Adds the Airline Companies
2019-09-13 12:06:14,282 [1] INFO DB_Generator.GenerateDataAndPutInDB - Adds the Customers
2019-09-13 12:06:14,303 [1] INFO DB_Generator.GenerateDataAndPutInDB - Adds the Flights Per Company
2019-09-13 12:06:14,326 [1] INFO DB_Generator.GenerateDataAndPutInDB - Adds the Tickets per Customer
2019-09-13 12:06:14,351 [1] INFO DB_Generator.GenerateDataAndPutInDB - Finished puting data in DB!
2019-09-13 12:10:55,251 [1] INFO DB_Generator.GenerateDataAndPutInDB - Creating admin user
2019-09-13 12:10:55,282 [1] INFO DB_Generator.GenerateDataAndPutInDB - Adds the countries first
2019-09-13 12:10:55,425 [1] INFO DB_Generator.GenerateDataAndPutInDB - Adds the Airline Companies
2019-09-13 12:10:55,478 [1] INFO DB_Generator.GenerateDataAndPutInDB - Adds the Customers
2019-09-13 12:10:55,531 [1] INFO DB_Generator.GenerateDataAndPutInDB - Adds the Flights Per Company
2019-09-13 12:10:55,562 [1] INFO DB_Generator.GenerateDataAndPutInDB - Adds the Tickets per Customer
2019-09-13 12:10:55,587 [1] INFO DB_Generator.GenerateDataAndPutInDB - Finished puting data in DB!
2019-09-13 12:17:45,933 [1] INFO DB_Generator.GenerateDataAndPutInDB - Creating admin user
2019-09-13 12:17:45,963 [1] INFO DB_Generator.GenerateDataAndPutInDB - Adds the countries first
2019-09-13 12:17:46,161 [1] INFO DB_Generator.GenerateDataAndPutInDB - Adds the Airline Companies
2019-09-13 12:17:46,261 [1] INFO DB_Generator.GenerateDataAndPutInDB - Adds the Customers
2019-09-13 12:17:46,330 [1] INFO DB_Generator.GenerateDataAndPutInDB - Adds the Flights Per Company
2019-09-13 12:17:46,397 [1] INFO DB_Generator.GenerateDataAndPutInDB - Adds the Tickets per Customer
2019-09-13 12:17:46,471 [1] INFO DB_Generator.GenerateDataAndPutInDB - Finished puting data in DB!
2019-09-13 12:25:59,301 [1] INFO DB_Generator.GenerateDataAndPutInDB - Creating admin user
2019-09-13 12:25:59,329 [1] INFO DB_Generator.GenerateDataAndPutInDB - Adds the countries first
2019-09-13 12:25:59,551 [1] INFO DB_Generator.GenerateDataAndPutInDB - Adds the Airline Companies
2019-09-13 12:25:59,608 [1] INFO DB_Generator.GenerateDataAndPutInDB - Adds the Customers
2019-09-13 12:25:59,657 [1] INFO DB_Generator.GenerateDataAndPutInDB - Adds the Flights Per Company
2019-09-13 12:25:59,689 [1] INFO DB_Generator.GenerateDataAndPutInDB - Adds the Tickets per Customer
2019-09-13 12:25:59,728 [1] INFO DB_Generator.GenerateDataAndPutInDB - Finished puting data in DB!
2019-09-13 12:26:11,306 [1] INFO DB_Generator.GenerateDataAndPutInDB - Creating admin user
2019-09-13 12:26:11,312 [1] INFO DB_Generator.GenerateDataAndPutInDB - Adds the countries first
2019-09-13 12:26:11,377 [1] INFO DB_Generator.GenerateDataAndPutInDB - Adds the Airline Companies
2019-09-13 12:26:11,404 [1] INFO DB_Generator.GenerateDataAndPutInDB - Adds the Customers
2019-09-13 12:26:11,442 [1] INFO DB_Generator.GenerateDataAndPutInDB - Adds the Flights Per Company
2019-09-13 12:26:11,465 [1] INFO DB_Generator.GenerateDataAndPutInDB - Adds the Tickets per Customer
2019-09-13 12:26:11,492 [1] INFO DB_Generator.GenerateDataAndPutInDB - Finished puting data in DB!
2019-09-13 12:30:37,811 [1] INFO DB_Generator.GenerateDataAndPutInDB - Creating admin user
2019-09-13 12:30:37,844 [1] INFO DB_Generator.GenerateDataAndPutInDB - Adds the countries first
2019-09-13 12:30:37,918 [1] INFO DB_Generator.GenerateDataAndPutInDB - Adds the Airline Companies
2019-09-13 12:30:37,940 [1] INFO DB_Generator.GenerateDataAndPutInDB - Adds the Customers
2019-09-13 12:30:37,979 [1] INFO DB_Generator.GenerateDataAndPutInDB - Adds the Flights Per Company
2019-09-13 12:30:38,000 [1] INFO DB_Generator.GenerateDataAndPutInDB - Adds the Tickets per Customer
2019-09-13 12:30:38,043 [1] INFO DB_Generator.GenerateDataAndPutInDB - Finished puting data in DB!
2019-09-13 12:32:33,434 [1] INFO DB_Generator.GenerateDataAndPutInDB - Creating admin user
2019-09-13 12:32:33,466 [1] INFO DB_Generator.GenerateDataAndPutInDB - Adds the countries first
2019-09-13 12:32:33,619 [1] INFO DB_Generator.GenerateDataAndPutInDB - Adds the Airline Companies
2019-09-13 12:32:33,702 [1] INFO DB_Generator.GenerateDataAndPutInDB - Adds the Customers
2019-09-13 12:32:33,743 [1] INFO DB_Generator.GenerateDataAndPutInDB - Adds the Flights Per Company
2019-09-13 12:32:33,775 [1] INFO DB_Generator.GenerateDataAndPutInDB - Adds the Tickets per Customer
2019-09-13 12:32:33,810 [1] INFO DB_Generator.GenerateDataAndPutInDB - Finished puting data in DB!
2019-09-13 12:32:47,677 [1] INFO DB_Generator.GenerateDataAndPutInDB - Creating admin user
2019-09-13 12:32:47,685 [1] INFO DB_Generator.GenerateDataAndPutInDB - Adds the countries first
2019-09-13 12:32:47,708 [1] INFO DB_Generator.GenerateDataAndPutInDB - Adds the Airline Companies
2019-09-13 12:32:47,735 [1] INFO DB_Generator.GenerateDataAndPutInDB - Adds the Customers
2019-09-13 12:32:47,767 [1] INFO DB_Generator.GenerateDataAndPutInDB - Adds the Flights Per Company
2019-09-13 12:32:47,787 [1] INFO DB_Generator.GenerateDataAndPutInDB - Adds the Tickets per Customer
2019-09-13 12:32:47,817 [1] INFO DB_Generator.GenerateDataAndPutInDB - Finished puting data in DB!
2019-09-15 15:22:48,956 [1] INFO DB_Generator.GenerateDataAndPutInDB - Creating admin user
2019-09-15 15:22:49,011 [1] INFO DB_Generator.GenerateDataAndPutInDB - Adds the countries first
2019-09-15 15:22:49,976 [1] INFO DB_Generator.GenerateDataAndPutInDB - Adds the Airline Companies
2019-09-15 15:22:50,148 [1] INFO DB_Generator.GenerateDataAndPutInDB - Adds the Customers
2019-09-15 15:22:50,206 [1] INFO DB_Generator.GenerateDataAndPutInDB - Adds the Flights Per Company
2019-09-15 15:22:50,238 [1] INFO DB_Generator.GenerateDataAndPutInDB - Adds the Tickets per Customer
2019-09-15 15:22:50,419 [1] INFO DB_Generator.GenerateDataAndPutInDB - Finished puting data in DB!
2019-09-15 17:02:06,820 [1] INFO DB_Generator.GenerateDataAndPutInDB - Delete Flights DB
2019-09-15 17:02:07,096 [1] INFO DB_Generator.GenerateDataAndPutInDB - Delete Success !
2019-09-15 17:03:10,330 [1] INFO DB_Generator.GenerateDataAndPutInDB - Delete Flights DB
2019-09-15 17:03:10,476 [1] INFO DB_Generator.GenerateDataAndPutInDB - Delete Success !
2019-09-15 17:43:45,305 [1] INFO DB_Generator.GenerateDataAndPutInDB - Creating admin user
2019-09-15 17:43:45,347 [1] INFO DB_Generator.GenerateDataAndPutInDB - Adds the countries first
2019-09-15 17:43:45,741 [1] INFO DB_Generator.GenerateDataAndPutInDB - Adds the Airline Companies
2019-09-15 17:43:45,800 [1] INFO DB_Generator.GenerateDataAndPutInDB - Adds the Customers
2019-09-15 17:43:45,857 [1] INFO DB_Generator.GenerateDataAndPutInDB - Adds the Flights Per Company
2019-09-15 17:43:45,920 [1] INFO DB_Generator.GenerateDataAndPutInDB - Adds the Tickets per Customer
2019-09-15 17:43:45,983 [1] INFO DB_Generator.GenerateDataAndPutInDB - Finished puting data in DB!
2019-09-15 17:44:41,588 [1] INFO DB_Generator.GenerateDataAndPutInDB - Delete Flights DB
2019-09-15 17:44:41,691 [1] INFO DB_Generator.GenerateDataAndPutInDB - Delete Success !
2019-09-15 19:21:21,943 [1] INFO DB_Generator.GenerateDataAndPutInDB - Creating admin user
2019-09-15 19:21:21,994 [1] INFO DB_Generator.GenerateDataAndPutInDB - Adds the countries first
2019-09-15 19:21:22,181 [1] INFO DB_Generator.GenerateDataAndPutInDB - Adds the Airline Companies
2019-09-15 19:21:22,238 [1] INFO DB_Generator.GenerateDataAndPutInDB - Adds the Customers
2019-09-15 19:21:22,271 [1] INFO DB_Generator.GenerateDataAndPutInDB - Adds the Flights Per Company
2019-09-15 19:21:22,363 [1] INFO DB_Generator.GenerateDataAndPutInDB - Adds the Tickets per Customer
2019-09-15 19:21:22,395 [1] INFO DB_Generator.GenerateDataAndPutInDB - Finished puting data in DB!
2019-09-15 19:21:26,814 [1] INFO DB_Generator.GenerateDataAndPutInDB - Delete Flights DB
2019-09-15 19:21:26,849 [1] INFO DB_Generator.GenerateDataAndPutInDB - Delete Success !
2019-09-15 19:21:32,490 [1] INFO DB_Generator.GenerateDataAndPutInDB - Creating admin user
2019-09-15 19:21:32,498 [1] INFO DB_Generator.GenerateDataAndPutInDB - Adds the countries first
2019-09-15 19:21:32,526 [1] INFO DB_Generator.GenerateDataAndPutInDB - Adds the Airline Companies
2019-09-15 19:21:32,547 [1] INFO DB_Generator.GenerateDataAndPutInDB - Adds the Customers
2019-09-15 19:21:32,564 [1] INFO DB_Generator.GenerateDataAndPutInDB - Adds the Flights Per Company
2019-09-15 19:21:32,598 [1] INFO DB_Generator.GenerateDataAndPutInDB - Adds the Tickets per Customer
2019-09-15 19:21:32,616 [1] INFO DB_Generator.GenerateDataAndPutInDB - Finished puting data in DB!
2019-09-15 19:21:40,594 [1] INFO DB_Generator.GenerateDataAndPutInDB - Delete Flights DB
2019-09-15 19:21:40,609 [1] INFO DB_Generator.GenerateDataAndPutInDB - Delete Success !
2019-09-15 19:21:42,306 [1] INFO DB_Generator.GenerateDataAndPutInDB - Creating admin user
2019-09-15 19:21:42,313 [1] INFO DB_Generator.GenerateDataAndPutInDB - Adds the countries first
2019-09-15 19:21:42,342 [1] INFO DB_Generator.GenerateDataAndPutInDB - Adds the Airline Companies
2019-09-15 19:21:42,365 [1] INFO DB_Generator.GenerateDataAndPutInDB - Adds the Customers
2019-09-15 19:21:42,387 [1] INFO DB_Generator.GenerateDataAndPutInDB - Adds the Flights Per Company
2019-09-15 19:21:42,400 [1] INFO DB_Generator.GenerateDataAndPutInDB - Adds the Tickets per Customer
2019-09-15 19:21:42,414 [1] INFO DB_Generator.GenerateDataAndPutInDB - Finished puting data in DB!
2019-09-15 19:21:48,510 [1] INFO DB_Generator.GenerateDataAndPutInDB - Delete Flights DB
2019-09-15 19:21:48,568 [1] INFO DB_Generator.GenerateDataAndPutInDB - Delete Success !
2019-09-15 19:21:49,226 [1] INFO DB_Generator.GenerateDataAndPutInDB - Delete Flights DB
2019-09-15 19:21:49,236 [1] INFO DB_Generator.GenerateDataAndPutInDB - Delete Success !
2019-09-15 19:21:52,813 [1] INFO DB_Generator.GenerateDataAndPutInDB - Creating admin user
2019-09-15 19:21:52,822 [1] INFO DB_Generator.GenerateDataAndPutInDB - Adds the countries first
2019-09-15 19:21:52,846 [1] INFO DB_Generator.GenerateDataAndPutInDB - Adds the Airline Companies
2019-09-15 19:21:52,868 [1] INFO DB_Generator.GenerateDataAndPutInDB - Adds the Customers
2019-09-15 19:21:52,887 [1] INFO DB_Generator.GenerateDataAndPutInDB - Adds the Flights Per Company
2019-09-15 19:21:52,902 [1] INFO DB_Generator.GenerateDataAndPutInDB - Adds the Tickets per Customer
2019-09-15 19:21:52,918 [1] INFO DB_Generator.GenerateDataAndPutInDB - Finished puting data in DB!
2019-09-15 19:22:00,688 [1] INFO DB_Generator.GenerateDataAndPutInDB - Delete Flights DB
2019-09-15 19:22:00,775 [1] INFO DB_Generator.GenerateDataAndPutInDB - Delete Success !
2019-09-15 19:22:05,416 [1] INFO DB_Generator.GenerateDataAndPutInDB - Creating admin user
2019-09-15 19:22:05,424 [1] INFO DB_Generator.GenerateDataAndPutInDB - Adds the countries first
2019-09-15 19:22:05,447 [1] INFO DB_Generator.GenerateDataAndPutInDB - Adds the Airline Companies
2019-09-15 19:22:05,470 [1] INFO DB_Generator.GenerateDataAndPutInDB - Adds the Customers
2019-09-15 19:22:05,497 [1] INFO DB_Generator.GenerateDataAndPutInDB - Adds the Flights Per Company
2019-09-15 19:22:05,512 [1] INFO DB_Generator.GenerateDataAndPutInDB - Adds the Tickets per Customer
2019-09-15 19:22:05,528 [1] INFO DB_Generator.GenerateDataAndPutInDB - Finished puting data in DB!
2019-09-15 19:22:13,199 [1] INFO DB_Generator.GenerateDataAndPutInDB - Creating admin user
2019-09-15 19:22:13,207 [1] INFO DB_Generator.GenerateDataAndPutInDB - Adds the countries first
2019-09-15 19:22:13,232 [1] INFO DB_Generator.GenerateDataAndPutInDB - Adds the Airline Companies
2019-09-15 19:22:13,261 [1] INFO DB_Generator.GenerateDataAndPutInDB - Adds the Customers
2019-09-15 19:22:13,292 [1] INFO DB_Generator.GenerateDataAndPutInDB - Adds the Flights Per Company
2019-09-15 19:22:13,326 [1] INFO DB_Generator.GenerateDataAndPutInDB - Adds the Tickets per Customer
2019-09-15 19:22:13,362 [1] INFO DB_Generator.GenerateDataAndPutInDB - Finished puting data in DB!
2019-09-15 19:22:22,672 [1] INFO DB_Generator.GenerateDataAndPutInDB - Delete Flights DB
2019-09-15 19:22:22,778 [1] INFO DB_Generator.GenerateDataAndPutInDB - Delete Success !
2019-09-15 19:22:32,402 [1] INFO DB_Generator.GenerateDataAndPutInDB - Creating admin user
2019-09-15 19:22:32,412 [1] INFO DB_Generator.GenerateDataAndPutInDB - Adds the countries first
2019-09-15 19:22:32,437 [1] INFO DB_Generator.GenerateDataAndPutInDB - Adds the Airline Companies
2019-09-15 19:22:32,460 [1] INFO DB_Generator.GenerateDataAndPutInDB - Adds the Customers
2019-09-15 19:22:32,484 [1] INFO DB_Generator.GenerateDataAndPutInDB - Adds the Flights Per Company
2019-09-15 19:22:32,501 [1] INFO DB_Generator.GenerateDataAndPutInDB - Adds the Tickets per Customer
2019-09-15 19:22:32,519 [1] INFO DB_Generator.GenerateDataAndPutInDB - Finished puting data in DB!
2019-09-15 19:34:16,122 [1] INFO DB_Generator.GenerateDataAndPutInDB - Delete Flights DB
2019-09-15 19:34:16,291 [1] INFO DB_Generator.GenerateDataAndPutInDB - Delete Success !
2019-09-15 20:18:08,045 [1] INFO DB_Generator.GenerateDataAndPutInDB - Creating admin user
2019-09-15 20:18:08,101 [1] INFO DB_Generator.GenerateDataAndPutInDB - Adds the countries first
2019-09-15 20:18:08,403 [1] INFO DB_Generator.GenerateDataAndPutInDB - Adds the Airline Companies
2019-09-15 20:18:08,469 [1] INFO DB_Generator.GenerateDataAndPutInDB - Adds the Customers
2019-09-15 20:18:08,853 [1] INFO DB_Generator.GenerateDataAndPutInDB - Adds the Flights Per Company
2019-09-15 20:18:10,282 [1] INFO DB_Generator.GenerateDataAndPutInDB - Adds the Tickets per Customer
2019-09-15 20:18:10,386 [1] INFO DB_Generator.GenerateDataAndPutInDB - Finished puting data in DB!
2019-09-15 20:18:50,663 [1] INFO DB_Generator.GenerateDataAndPutInDB - Delete Flights DB
2019-09-15 20:18:50,895 [1] INFO DB_Generator.GenerateDataAndPutInDB - Delete Success !
2019-09-15 20:21:25,256 [1] INFO DB_Generator.GenerateDataAndPutInDB - Delete Flights DB
2019-09-15 20:21:25,437 [1] INFO DB_Generator.GenerateDataAndPutInDB - Delete Success !
2019-09-15 20:55:30,508 [1] INFO DB_Generator.GenerateDataAndPutInDB - Delete Flights DB
2019-09-15 20:55:45,839 [1] INFO DB_Generator.GenerateDataAndPutInDB - Delete Success !
2019-09-15 20:56:59,999 [1] INFO DB_Generator.GenerateDataAndPutInDB - Delete Flights DB
2019-09-15 20:57:01,189 [1] INFO DB_Generator.GenerateDataAndPutInDB - Delete Success !
2019-09-15 20:57:40,824 [1] INFO DB_Generator.GenerateDataAndPutInDB - Creating admin user
2019-09-15 20:57:40,897 [1] INFO DB_Generator.GenerateDataAndPutInDB - Adds the countries first
2019-09-15 20:57:41,043 [1] INFO DB_Generator.GenerateDataAndPutInDB - Adds the Airline Companies
2019-09-15 21:01:50,432 [1] INFO DB_Generator.GenerateDataAndPutInDB - Creating admin user
2019-09-15 21:01:50,487 [1] INFO DB_Generator.GenerateDataAndPutInDB - Adds the countries first
2019-09-15 21:01:50,576 [1] INFO DB_Generator.GenerateDataAndPutInDB - Adds the Airline Companies
2019-09-15 21:01:50,599 [1] INFO DB_Generator.GenerateDataAndPutInDB - Adds the Customers
2019-09-15 21:01:50,623 [1] INFO DB_Generator.GenerateDataAndPutInDB - Adds the Flights Per Company
2019-09-15 21:03:20,808 [1] INFO DB_Generator.GenerateDataAndPutInDB - Creating admin user
2019-09-15 21:03:20,883 [1] INFO DB_Generator.GenerateDataAndPutInDB - Adds the countries first
2019-09-15 21:03:21,016 [1] INFO DB_Generator.GenerateDataAndPutInDB - Adds the Airline Companies
2019-09-15 21:03:21,044 [1] INFO DB_Generator.GenerateDataAndPutInDB - Adds the Customers
2019-09-15 21:03:21,074 [1] INFO DB_Generator.GenerateDataAndPutInDB - Adds the Flights Per Company
2019-09-15 21:03:52,045 [1] INFO DB_Generator.GenerateDataAndPutInDB - Adds the Tickets per Customer
2019-09-15 21:05:09,500 [1] INFO DB_Generator.GenerateDataAndPutInDB - Delete Flights DB
2019-09-15 21:05:10,633 [1] INFO DB_Generator.GenerateDataAndPutInDB - Delete Success !
2019-09-15 21:06:38,316 [1] INFO DB_Generator.GenerateDataAndPutInDB - Creating admin user
2019-09-15 21:06:38,376 [1] INFO DB_Generator.GenerateDataAndPutInDB - Adds the countries first
2019-09-15 21:06:38,478 [1] INFO DB_Generator.GenerateDataAndPutInDB - Adds the Airline Companies
2019-09-15 21:06:38,515 [1] INFO DB_Generator.GenerateDataAndPutInDB - Adds the Customers
2019-09-15 21:06:38,546 [1] INFO DB_Generator.GenerateDataAndPutInDB - Adds the Flights Per Company
2019-09-15 21:06:56,442 [1] INFO DB_Generator.GenerateDataAndPutInDB - Adds the Tickets per Customer
2019-09-15 21:06:56,477 [1] INFO DB_Generator.GenerateDataAndPutInDB - Finished puting data in DB!
2019-09-15 21:07:50,827 [1] INFO DB_Generator.GenerateDataAndPutInDB - Delete Flights DB
2019-09-15 21:07:51,868 [1] INFO DB_Generator.GenerateDataAndPutInDB - Delete Success !
2019-09-15 23:23:18,471 [1] INFO DB_Generator.GenerateDataAndPutInDB - Creating admin user
2019-09-15 23:23:18,529 [1] INFO DB_Generator.GenerateDataAndPutInDB - Adds the countries first
2019-09-15 23:23:18,991 [1] INFO DB_Generator.GenerateDataAndPutInDB - Adds the Airline Companies
2019-09-15 23:25:11,751 [1] INFO DB_Generator.GenerateDataAndPutInDB - Creating admin user
2019-09-15 23:25:11,802 [1] INFO DB_Generator.GenerateDataAndPutInDB - Adds the countries first
2019-09-15 23:25:11,940 [1] INFO DB_Generator.GenerateDataAndPutInDB - Adds the Airline Companies
2019-09-15 23:25:11,960 [1] INFO DB_Generator.GenerateDataAndPutInDB - Adds the Customers
2019-09-15 23:25:11,986 [1] INFO DB_Generator.GenerateDataAndPutInDB - Adds the Flights Per Company
2019-09-15 23:25:12,015 [1] INFO DB_Generator.GenerateDataAndPutInDB - Adds the Tickets per Customer
2019-09-15 23:25:12,056 [1] INFO DB_Generator.GenerateDataAndPutInDB - Finished puting data in DB!
2019-09-15 23:25:55,432 [1] INFO DB_Generator.GenerateDataAndPutInDB - Delete Flights DB
2019-09-15 23:25:56,583 [1] INFO DB_Generator.GenerateDataAndPutInDB - Delete Success !
